mode: set
github.com/coreos/etcd-operator/pkg/cluster/cluster.go:89.55,91.42 2 1
github.com/coreos/etcd-operator/pkg/cluster/cluster.go:91.42,93.3 1 1
github.com/coreos/etcd-operator/pkg/cluster/cluster.go:95.2,105.12 2 0
github.com/coreos/etcd-operator/pkg/cluster/cluster.go:105.12,106.35 1 0
github.com/coreos/etcd-operator/pkg/cluster/cluster.go:106.35,108.48 2 0
github.com/coreos/etcd-operator/pkg/cluster/cluster.go:108.48,111.46 3 0
github.com/coreos/etcd-operator/pkg/cluster/cluster.go:111.46,113.6 1 0
github.com/coreos/etcd-operator/pkg/cluster/cluster.go:115.4,115.10 1 0
github.com/coreos/etcd-operator/pkg/cluster/cluster.go:117.3,117.10 1 0
github.com/coreos/etcd-operator/pkg/cluster/cluster.go:120.2,120.10 1 0
github.com/coreos/etcd-operator/pkg/cluster/cluster.go:123.33,125.24 2 0
github.com/coreos/etcd-operator/pkg/cluster/cluster.go:126.28,127.29 1 0
github.com/coreos/etcd-operator/pkg/cluster/cluster.go:128.32,129.27 1 0
github.com/coreos/etcd-operator/pkg/cluster/cluster.go:130.31,131.30 1 0
github.com/coreos/etcd-operator/pkg/cluster/cluster.go:133.10,134.68 1 0
github.com/coreos/etcd-operator/pkg/cluster/cluster.go:137.2,137.24 1 0
github.com/coreos/etcd-operator/pkg/cluster/cluster.go:137.24,139.17 2 0
github.com/coreos/etcd-operator/pkg/cluster/cluster.go:139.17,141.4 1 0
github.com/coreos/etcd-operator/pkg/cluster/cluster.go:142.3,143.17 2 0
github.com/coreos/etcd-operator/pkg/cluster/cluster.go:143.17,145.4 1 0
github.com/coreos/etcd-operator/pkg/cluster/cluster.go:148.2,148.25 1 0
github.com/coreos/etcd-operator/pkg/cluster/cluster.go:148.25,150.3 1 0
github.com/coreos/etcd-operator/pkg/cluster/cluster.go:151.2,151.12 1 0
github.com/coreos/etcd-operator/pkg/cluster/cluster.go:154.34,157.43 2 0
github.com/coreos/etcd-operator/pkg/cluster/cluster.go:157.43,159.3 1 0
github.com/coreos/etcd-operator/pkg/cluster/cluster.go:160.2,162.30 2 0
github.com/coreos/etcd-operator/pkg/cluster/cluster.go:165.45,169.16 3 0
github.com/coreos/etcd-operator/pkg/cluster/cluster.go:169.16,171.3 1 0
github.com/coreos/etcd-operator/pkg/cluster/cluster.go:173.2,174.12 2 0
github.com/coreos/etcd-operator/pkg/cluster/cluster.go:177.28,180.2 2 0
github.com/coreos/etcd-operator/pkg/cluster/cluster.go:182.42,183.9 1 0
github.com/coreos/etcd-operator/pkg/cluster/cluster.go:184.23,186.33 2 0
github.com/coreos/etcd-operator/pkg/cluster/cluster.go:186.33,188.4 1 0
github.com/coreos/etcd-operator/pkg/cluster/cluster.go:189.18,189.18 0 0
github.com/coreos/etcd-operator/pkg/cluster/cluster.go:193.25,194.42 1 0
github.com/coreos/etcd-operator/pkg/cluster/cluster.go:194.42,196.3 1 0
github.com/coreos/etcd-operator/pkg/cluster/cluster.go:197.2,201.43 4 0
github.com/coreos/etcd-operator/pkg/cluster/cluster.go:201.43,203.3 1 0
github.com/coreos/etcd-operator/pkg/cluster/cluster.go:204.2,207.6 3 0
github.com/coreos/etcd-operator/pkg/cluster/cluster.go:207.6,208.10 1 0
github.com/coreos/etcd-operator/pkg/cluster/cluster.go:209.19,210.10 1 0
github.com/coreos/etcd-operator/pkg/cluster/cluster.go:211.29,212.21 1 0
github.com/coreos/etcd-operator/pkg/cluster/cluster.go:213.28,215.19 2 0
github.com/coreos/etcd-operator/pkg/cluster/cluster.go:215.19,220.6 4 0
github.com/coreos/etcd-operator/pkg/cluster/cluster.go:221.12,222.44 1 0
github.com/coreos/etcd-operator/pkg/cluster/cluster.go:225.40,228.29 2 0
github.com/coreos/etcd-operator/pkg/cluster/cluster.go:228.29,231.13 3 0
github.com/coreos/etcd-operator/pkg/cluster/cluster.go:232.10,234.5 1 0
github.com/coreos/etcd-operator/pkg/cluster/cluster.go:236.4,237.18 2 0
github.com/coreos/etcd-operator/pkg/cluster/cluster.go:237.18,240.13 3 0
github.com/coreos/etcd-operator/pkg/cluster/cluster.go:243.4,243.24 1 0
github.com/coreos/etcd-operator/pkg/cluster/cluster.go:243.24,247.13 3 0
github.com/coreos/etcd-operator/pkg/cluster/cluster.go:249.4,249.25 1 0
github.com/coreos/etcd-operator/pkg/cluster/cluster.go:249.25,252.10 2 0
github.com/coreos/etcd-operator/pkg/cluster/cluster.go:256.4,256.39 1 0
github.com/coreos/etcd-operator/pkg/cluster/cluster.go:256.39,258.20 2 0
github.com/coreos/etcd-operator/pkg/cluster/cluster.go:258.20,260.11 2 0
github.com/coreos/etcd-operator/pkg/cluster/cluster.go:263.4,264.19 2 0
github.com/coreos/etcd-operator/pkg/cluster/cluster.go:264.19,266.10 2 0
github.com/coreos/etcd-operator/pkg/cluster/cluster.go:268.4,269.45 2 0
github.com/coreos/etcd-operator/pkg/cluster/cluster.go:269.45,271.5 1 0
github.com/coreos/etcd-operator/pkg/cluster/cluster.go:273.4,273.85 1 0
github.com/coreos/etcd-operator/pkg/cluster/cluster.go:276.3,276.18 1 0
github.com/coreos/etcd-operator/pkg/cluster/cluster.go:276.18,278.4 1 0
github.com/coreos/etcd-operator/pkg/cluster/cluster.go:280.3,280.25 1 0
github.com/coreos/etcd-operator/pkg/cluster/cluster.go:280.25,285.4 4 0
github.com/coreos/etcd-operator/pkg/cluster/cluster.go:289.64,293.47 3 1
github.com/coreos/etcd-operator/pkg/cluster/cluster.go:293.47,295.55 1 1
github.com/coreos/etcd-operator/pkg/cluster/cluster.go:295.55,297.4 1 0
github.com/coreos/etcd-operator/pkg/cluster/cluster.go:298.3,298.13 1 1
github.com/coreos/etcd-operator/pkg/cluster/cluster.go:302.2,303.12 2 0
github.com/coreos/etcd-operator/pkg/cluster/cluster.go:306.47,307.78 1 1
github.com/coreos/etcd-operator/pkg/cluster/cluster.go:307.78,309.3 1 0
github.com/coreos/etcd-operator/pkg/cluster/cluster.go:310.2,310.13 1 1
github.com/coreos/etcd-operator/pkg/cluster/cluster.go:313.43,320.31 2 0
github.com/coreos/etcd-operator/pkg/cluster/cluster.go:320.31,322.3 1 0
github.com/coreos/etcd-operator/pkg/cluster/cluster.go:323.2,324.50 2 0
github.com/coreos/etcd-operator/pkg/cluster/cluster.go:324.50,326.3 1 0
github.com/coreos/etcd-operator/pkg/cluster/cluster.go:327.2,330.16 4 0
github.com/coreos/etcd-operator/pkg/cluster/cluster.go:330.16,332.3 1 0
github.com/coreos/etcd-operator/pkg/cluster/cluster.go:334.2,334.12 1 0
github.com/coreos/etcd-operator/pkg/cluster/cluster.go:337.39,339.2 1 0
github.com/coreos/etcd-operator/pkg/cluster/cluster.go:341.41,343.2 1 0
github.com/coreos/etcd-operator/pkg/cluster/cluster.go:346.37,348.2 1 0
github.com/coreos/etcd-operator/pkg/cluster/cluster.go:350.47,355.2 1 0
github.com/coreos/etcd-operator/pkg/cluster/cluster.go:357.41,359.16 2 0
github.com/coreos/etcd-operator/pkg/cluster/cluster.go:359.16,361.3 1 0
github.com/coreos/etcd-operator/pkg/cluster/cluster.go:363.2,363.110 1 0
github.com/coreos/etcd-operator/pkg/cluster/cluster.go:366.41,367.55 1 0
github.com/coreos/etcd-operator/pkg/cluster/cluster.go:367.55,369.3 1 0
github.com/coreos/etcd-operator/pkg/cluster/cluster.go:370.2,370.14 1 0
github.com/coreos/etcd-operator/pkg/cluster/cluster.go:373.97,375.24 2 0
github.com/coreos/etcd-operator/pkg/cluster/cluster.go:375.24,378.17 3 0
github.com/coreos/etcd-operator/pkg/cluster/cluster.go:378.17,380.4 1 0
github.com/coreos/etcd-operator/pkg/cluster/cluster.go:381.3,381.39 1 0
github.com/coreos/etcd-operator/pkg/cluster/cluster.go:382.8,384.3 1 0
github.com/coreos/etcd-operator/pkg/cluster/cluster.go:385.2,386.12 2 0
github.com/coreos/etcd-operator/pkg/cluster/cluster.go:389.48,393.16 4 0
github.com/coreos/etcd-operator/pkg/cluster/cluster.go:393.16,394.54 1 0
github.com/coreos/etcd-operator/pkg/cluster/cluster.go:394.54,396.4 1 0
github.com/coreos/etcd-operator/pkg/cluster/cluster.go:398.2,398.12 1 0
github.com/coreos/etcd-operator/pkg/cluster/cluster.go:401.70,403.16 2 0
github.com/coreos/etcd-operator/pkg/cluster/cluster.go:403.16,405.3 1 0
github.com/coreos/etcd-operator/pkg/cluster/cluster.go:407.2,407.31 1 0
github.com/coreos/etcd-operator/pkg/cluster/cluster.go:407.31,411.35 2 0
github.com/coreos/etcd-operator/pkg/cluster/cluster.go:411.35,412.12 1 0
github.com/coreos/etcd-operator/pkg/cluster/cluster.go:414.3,414.35 1 0
github.com/coreos/etcd-operator/pkg/cluster/cluster.go:414.35,416.12 2 0
github.com/coreos/etcd-operator/pkg/cluster/cluster.go:418.3,418.50 1 0
github.com/coreos/etcd-operator/pkg/cluster/cluster.go:418.50,421.12 2 0
github.com/coreos/etcd-operator/pkg/cluster/cluster.go:423.3,423.27 1 0
github.com/coreos/etcd-operator/pkg/cluster/cluster.go:424.22,425.34 1 0
github.com/coreos/etcd-operator/pkg/cluster/cluster.go:426.22,427.34 1 0
github.com/coreos/etcd-operator/pkg/cluster/cluster.go:431.2,431.30 1 0
github.com/coreos/etcd-operator/pkg/cluster/cluster.go:434.57,437.30 3 0
github.com/coreos/etcd-operator/pkg/cluster/cluster.go:437.30,438.30 1 0
github.com/coreos/etcd-operator/pkg/cluster/cluster.go:438.30,440.12 2 0
github.com/coreos/etcd-operator/pkg/cluster/cluster.go:442.3,442.38 1 0
github.com/coreos/etcd-operator/pkg/cluster/cluster.go:445.2,446.36 2 0
github.com/coreos/etcd-operator/pkg/cluster/cluster.go:449.42,450.51 1 0
github.com/coreos/etcd-operator/pkg/cluster/cluster.go:450.51,452.3 1 0
github.com/coreos/etcd-operator/pkg/cluster/cluster.go:454.2,457.16 4 0
github.com/coreos/etcd-operator/pkg/cluster/cluster.go:457.16,459.3 1 0
github.com/coreos/etcd-operator/pkg/cluster/cluster.go:461.2,463.12 2 0
github.com/coreos/etcd-operator/pkg/cluster/cluster.go:466.40,470.28 3 0
github.com/coreos/etcd-operator/pkg/cluster/cluster.go:470.28,473.67 3 0
github.com/coreos/etcd-operator/pkg/cluster/cluster.go:473.67,475.4 1 0
github.com/coreos/etcd-operator/pkg/cluster/cluster.go:477.3,477.33 1 0
github.com/coreos/etcd-operator/pkg/cluster/cluster.go:477.33,480.4 2 0
github.com/coreos/etcd-operator/pkg/cluster/cluster.go:482.3,484.17 2 0
github.com/coreos/etcd-operator/pkg/cluster/cluster.go:484.17,488.54 1 0
github.com/coreos/etcd-operator/pkg/cluster/cluster.go:488.54,490.5 1 0
github.com/coreos/etcd-operator/pkg/cluster/cluster.go:491.4,492.21 2 0
github.com/coreos/etcd-operator/pkg/cluster/cluster.go:494.3,495.20 2 0
github.com/coreos/etcd-operator/pkg/cluster/cluster.go:498.2,498.50 1 0
github.com/coreos/etcd-operator/pkg/cluster/cluster.go:501.33,503.2 1 0
github.com/coreos/etcd-operator/pkg/cluster/cluster.go:505.40,507.16 2 0
github.com/coreos/etcd-operator/pkg/cluster/cluster.go:507.16,509.3 1 0
github.com/coreos/etcd-operator/pkg/cluster/cluster.go:511.2,512.59 2 0
github.com/coreos/etcd-operator/pkg/cluster/cluster.go:512.59,514.3 1 0
github.com/coreos/etcd-operator/pkg/cluster/cluster.go:517.67,519.16 2 0
github.com/coreos/etcd-operator/pkg/cluster/cluster.go:519.16,521.3 1 0
github.com/coreos/etcd-operator/pkg/cluster/cluster.go:522.2,523.16 2 0
github.com/coreos/etcd-operator/pkg/cluster/cluster.go:523.16,525.3 1 0
github.com/coreos/etcd-operator/pkg/cluster/cluster.go:527.2,528.62 2 0
github.com/coreos/etcd-operator/pkg/cluster/cluster.go:528.62,530.3 1 0
github.com/coreos/etcd-operator/pkg/cluster/cluster.go:532.2,533.62 2 0
github.com/coreos/etcd-operator/pkg/cluster/cluster.go:533.62,535.3 1 0
github.com/coreos/etcd-operator/pkg/cluster/error.go:29.38,31.2 1 0
github.com/coreos/etcd-operator/pkg/cluster/error.go:33.47,35.2 1 1
github.com/coreos/etcd-operator/pkg/cluster/error.go:37.35,38.34 1 1
github.com/coreos/etcd-operator/pkg/cluster/error.go:39.19,40.14 1 1
github.com/coreos/etcd-operator/pkg/cluster/error.go:41.10,42.15 1 1
github.com/coreos/etcd-operator/pkg/cluster/member.go:27.65,29.16 2 0
github.com/coreos/etcd-operator/pkg/cluster/member.go:29.16,31.3 1 0
github.com/coreos/etcd-operator/pkg/cluster/member.go:32.2,33.33 2 0
github.com/coreos/etcd-operator/pkg/cluster/member.go:33.33,35.17 2 0
github.com/coreos/etcd-operator/pkg/cluster/member.go:35.17,37.4 1 0
github.com/coreos/etcd-operator/pkg/cluster/member.go:39.3,45.4 1 0
github.com/coreos/etcd-operator/pkg/cluster/member.go:47.2,48.12 2 0
github.com/coreos/etcd-operator/pkg/cluster/member.go:51.48,60.31 3 0
github.com/coreos/etcd-operator/pkg/cluster/member.go:60.31,62.3 1 0
github.com/coreos/etcd-operator/pkg/cluster/member.go:63.2,63.10 1 0
github.com/coreos/etcd-operator/pkg/cluster/member.go:66.66,68.27 2 0
github.com/coreos/etcd-operator/pkg/cluster/member.go:68.27,71.3 2 0
github.com/coreos/etcd-operator/pkg/cluster/member.go:72.2,72.16 1 0
github.com/coreos/etcd-operator/pkg/cluster/member.go:75.80,77.16 2 0
github.com/coreos/etcd-operator/pkg/cluster/member.go:77.16,79.3 1 0
github.com/coreos/etcd-operator/pkg/cluster/member.go:80.2,80.18 1 0
github.com/coreos/etcd-operator/pkg/cluster/metrics.go:40.13,43.2 2 1
github.com/coreos/etcd-operator/pkg/cluster/reconcile.go:39.51,43.15 3 0
github.com/coreos/etcd-operator/pkg/cluster/reconcile.go:43.15,45.3 1 0
github.com/coreos/etcd-operator/pkg/cluster/reconcile.go:47.2,49.64 3 0
github.com/coreos/etcd-operator/pkg/cluster/reconcile.go:49.64,51.3 1 0
github.com/coreos/etcd-operator/pkg/cluster/reconcile.go:52.2,54.27 2 0
github.com/coreos/etcd-operator/pkg/cluster/reconcile.go:54.27,59.3 3 0
github.com/coreos/etcd-operator/pkg/cluster/reconcile.go:60.2,65.12 4 0
github.com/coreos/etcd-operator/pkg/cluster/reconcile.go:77.70,82.31 4 0
github.com/coreos/etcd-operator/pkg/cluster/reconcile.go:82.31,84.36 2 0
github.com/coreos/etcd-operator/pkg/cluster/reconcile.go:84.36,85.46 1 0
github.com/coreos/etcd-operator/pkg/cluster/reconcile.go:85.46,87.5 1 0
github.com/coreos/etcd-operator/pkg/cluster/reconcile.go:90.2,92.34 2 0
github.com/coreos/etcd-operator/pkg/cluster/reconcile.go:92.34,94.3 1 0
github.com/coreos/etcd-operator/pkg/cluster/reconcile.go:96.2,96.37 1 0
github.com/coreos/etcd-operator/pkg/cluster/reconcile.go:96.37,98.3 1 0
github.com/coreos/etcd-operator/pkg/cluster/reconcile.go:100.2,102.56 2 0
github.com/coreos/etcd-operator/pkg/cluster/reconcile.go:105.34,106.45 1 0
github.com/coreos/etcd-operator/pkg/cluster/reconcile.go:106.45,108.3 1 0
github.com/coreos/etcd-operator/pkg/cluster/reconcile.go:110.2,110.44 1 0
github.com/coreos/etcd-operator/pkg/cluster/reconcile.go:110.44,112.3 1 0
github.com/coreos/etcd-operator/pkg/cluster/reconcile.go:114.2,114.28 1 0
github.com/coreos/etcd-operator/pkg/cluster/reconcile.go:117.40,126.16 4 0
github.com/coreos/etcd-operator/pkg/cluster/reconcile.go:126.16,128.3 1 0
github.com/coreos/etcd-operator/pkg/cluster/reconcile.go:129.2,135.16 6 0
github.com/coreos/etcd-operator/pkg/cluster/reconcile.go:135.16,137.3 1 0
github.com/coreos/etcd-operator/pkg/cluster/reconcile.go:138.2,141.70 3 0
github.com/coreos/etcd-operator/pkg/cluster/reconcile.go:141.70,143.3 1 0
github.com/coreos/etcd-operator/pkg/cluster/reconcile.go:144.2,146.16 3 0
github.com/coreos/etcd-operator/pkg/cluster/reconcile.go:146.16,148.3 1 0
github.com/coreos/etcd-operator/pkg/cluster/reconcile.go:149.2,149.12 1 0
github.com/coreos/etcd-operator/pkg/cluster/reconcile.go:152.43,156.2 2 0
github.com/coreos/etcd-operator/pkg/cluster/reconcile.go:158.69,161.16 3 0
github.com/coreos/etcd-operator/pkg/cluster/reconcile.go:161.16,163.3 1 0
github.com/coreos/etcd-operator/pkg/cluster/reconcile.go:165.2,165.33 1 0
github.com/coreos/etcd-operator/pkg/cluster/reconcile.go:168.71,169.15 1 0
github.com/coreos/etcd-operator/pkg/cluster/reconcile.go:169.15,170.17 1 0
github.com/coreos/etcd-operator/pkg/cluster/reconcile.go:170.17,172.4 1 0
github.com/coreos/etcd-operator/pkg/cluster/reconcile.go:175.2,176.16 2 0
github.com/coreos/etcd-operator/pkg/cluster/reconcile.go:176.16,177.14 1 0
github.com/coreos/etcd-operator/pkg/cluster/reconcile.go:178.35,179.70 1 0
github.com/coreos/etcd-operator/pkg/cluster/reconcile.go:180.11,181.14 1 0
github.com/coreos/etcd-operator/pkg/cluster/reconcile.go:184.2,186.16 3 0
github.com/coreos/etcd-operator/pkg/cluster/reconcile.go:186.16,188.3 1 0
github.com/coreos/etcd-operator/pkg/cluster/reconcile.go:189.2,189.51 1 0
github.com/coreos/etcd-operator/pkg/cluster/reconcile.go:189.51,191.3 1 0
github.com/coreos/etcd-operator/pkg/cluster/reconcile.go:192.2,192.24 1 0
github.com/coreos/etcd-operator/pkg/cluster/reconcile.go:192.24,194.17 2 0
github.com/coreos/etcd-operator/pkg/cluster/reconcile.go:194.17,196.4 1 0
github.com/coreos/etcd-operator/pkg/cluster/reconcile.go:198.2,199.12 2 0
github.com/coreos/etcd-operator/pkg/cluster/reconcile.go:202.51,204.67 2 0
github.com/coreos/etcd-operator/pkg/cluster/reconcile.go:204.67,206.3 1 0
github.com/coreos/etcd-operator/pkg/cluster/reconcile.go:207.2,207.12 1 0
github.com/coreos/etcd-operator/pkg/cluster/reconcile.go:210.59,212.2 1 0
github.com/coreos/etcd-operator/pkg/cluster/reconcile.go:214.75,215.27 1 0
github.com/coreos/etcd-operator/pkg/cluster/reconcile.go:215.27,216.48 1 0
github.com/coreos/etcd-operator/pkg/cluster/reconcile.go:216.48,217.12 1 0
github.com/coreos/etcd-operator/pkg/cluster/reconcile.go:219.3,219.68 1 0
github.com/coreos/etcd-operator/pkg/cluster/reconcile.go:221.2,221.12 1 0
github.com/coreos/etcd-operator/pkg/cluster/upgrade.go:28.61,34.16 4 0
github.com/coreos/etcd-operator/pkg/cluster/upgrade.go:34.16,36.3 1 0
github.com/coreos/etcd-operator/pkg/cluster/upgrade.go:37.2,44.16 6 0
github.com/coreos/etcd-operator/pkg/cluster/upgrade.go:44.16,46.3 1 0
github.com/coreos/etcd-operator/pkg/cluster/upgrade.go:48.2,49.16 2 0
github.com/coreos/etcd-operator/pkg/cluster/upgrade.go:49.16,51.3 1 0
github.com/coreos/etcd-operator/pkg/cluster/upgrade.go:52.2,54.16 3 0
github.com/coreos/etcd-operator/pkg/cluster/upgrade.go:54.16,56.3 1 0
github.com/coreos/etcd-operator/pkg/cluster/upgrade.go:58.2,58.12 1 0
github.com/coreos/etcd-operator/pkg/controller/controller.go:56.34,63.2 1 1
github.com/coreos/etcd-operator/pkg/controller/controller.go:66.69,69.22 2 1
github.com/coreos/etcd-operator/pkg/controller/controller.go:69.22,71.3 1 1
github.com/coreos/etcd-operator/pkg/controller/controller.go:73.2,73.28 1 1
github.com/coreos/etcd-operator/pkg/controller/controller.go:73.28,75.35 2 1
github.com/coreos/etcd-operator/pkg/controller/controller.go:75.35,78.4 2 1
github.com/coreos/etcd-operator/pkg/controller/controller.go:79.3,79.90 1 1
github.com/coreos/etcd-operator/pkg/controller/controller.go:82.2,84.45 2 1
github.com/coreos/etcd-operator/pkg/controller/controller.go:84.45,86.3 1 0
github.com/coreos/etcd-operator/pkg/controller/controller.go:88.2,88.20 1 1
github.com/coreos/etcd-operator/pkg/controller/controller.go:89.20,90.55 1 1
github.com/coreos/etcd-operator/pkg/controller/controller.go:90.55,92.4 1 0
github.com/coreos/etcd-operator/pkg/controller/controller.go:94.3,95.16 2 1
github.com/coreos/etcd-operator/pkg/controller/controller.go:95.16,97.4 1 1
github.com/coreos/etcd-operator/pkg/controller/controller.go:98.3,101.22 3 0
github.com/coreos/etcd-operator/pkg/controller/controller.go:103.23,104.56 1 1
github.com/coreos/etcd-operator/pkg/controller/controller.go:104.56,106.4 1 1
github.com/coreos/etcd-operator/pkg/controller/controller.go:107.3,108.25 2 0
github.com/coreos/etcd-operator/pkg/controller/controller.go:110.22,111.56 1 0
github.com/coreos/etcd-operator/pkg/controller/controller.go:111.56,113.4 1 0
github.com/coreos/etcd-operator/pkg/controller/controller.go:114.3,117.22 4 0
github.com/coreos/etcd-operator/pkg/controller/controller.go:119.2,119.19 1 0
github.com/coreos/etcd-operator/pkg/controller/controller.go:122.57,128.2 1 1
github.com/coreos/etcd-operator/pkg/controller/controller.go:130.38,132.16 2 0
github.com/coreos/etcd-operator/pkg/controller/controller.go:132.16,134.3 1 0
github.com/coreos/etcd-operator/pkg/controller/controller.go:135.2,135.67 1 0
github.com/coreos/etcd-operator/pkg/controller/controller.go:138.51,140.2 1 1
github.com/coreos/etcd-operator/pkg/controller/informer.go:35.13,37.2 1 1
github.com/coreos/etcd-operator/pkg/controller/informer.go:39.36,41.6 1 0
github.com/coreos/etcd-operator/pkg/controller/informer.go:41.6,43.17 2 0
github.com/coreos/etcd-operator/pkg/controller/informer.go:43.17,44.9 1 0
github.com/coreos/etcd-operator/pkg/controller/informer.go:46.3,48.32 3 0
github.com/coreos/etcd-operator/pkg/controller/informer.go:51.2,53.22 3 0
github.com/coreos/etcd-operator/pkg/controller/informer.go:56.28,58.26 2 0
github.com/coreos/etcd-operator/pkg/controller/informer.go:58.26,60.3 1 0
github.com/coreos/etcd-operator/pkg/controller/informer.go:60.8,62.3 1 0
github.com/coreos/etcd-operator/pkg/controller/informer.go:64.2,78.26 4 0
github.com/coreos/etcd-operator/pkg/controller/informer.go:81.43,82.24 1 0
github.com/coreos/etcd-operator/pkg/controller/informer.go:82.24,84.17 2 0
github.com/coreos/etcd-operator/pkg/controller/informer.go:84.17,86.4 1 0
github.com/coreos/etcd-operator/pkg/controller/informer.go:88.2,88.12 1 0
github.com/coreos/etcd-operator/pkg/controller/informer.go:91.53,93.2 1 0
github.com/coreos/etcd-operator/pkg/controller/informer.go:95.67,97.2 1 0
github.com/coreos/etcd-operator/pkg/controller/informer.go:99.56,101.9 2 0
github.com/coreos/etcd-operator/pkg/controller/informer.go:101.9,103.10 2 0
github.com/coreos/etcd-operator/pkg/controller/informer.go:103.10,104.80 1 0
github.com/coreos/etcd-operator/pkg/controller/informer.go:106.3,107.10 2 0
github.com/coreos/etcd-operator/pkg/controller/informer.go:107.10,108.89 1 0
github.com/coreos/etcd-operator/pkg/controller/informer.go:111.2,118.16 4 0
github.com/coreos/etcd-operator/pkg/controller/informer.go:118.16,120.3 1 0
github.com/coreos/etcd-operator/pkg/controller/informer.go:121.2,121.11 1 0
github.com/coreos/etcd-operator/pkg/controller/informer.go:124.58,132.54 2 0
github.com/coreos/etcd-operator/pkg/controller/informer.go:132.54,134.3 1 0
github.com/coreos/etcd-operator/pkg/controller/informer.go:136.2,138.16 3 0
github.com/coreos/etcd-operator/pkg/controller/informer.go:138.16,140.3 1 0
github.com/coreos/etcd-operator/pkg/controller/informer.go:141.2,141.11 1 0
github.com/coreos/etcd-operator/pkg/controller/informer.go:144.58,145.60 1 1
github.com/coreos/etcd-operator/pkg/controller/informer.go:145.60,146.27 1 1
github.com/coreos/etcd-operator/pkg/controller/informer.go:146.27,148.4 1 1
github.com/coreos/etcd-operator/pkg/controller/informer.go:149.8,150.28 1 1
github.com/coreos/etcd-operator/pkg/controller/informer.go:150.28,152.4 1 1
github.com/coreos/etcd-operator/pkg/controller/informer.go:154.2,154.14 1 1
github.com/coreos/etcd-operator/pkg/controller/metrics.go:56.13,62.2 5 1
github.com/coreos/etcd-operator/pkg/controller/util.go:28.61,33.2 1 1
github.com/coreos/etcd-operator/pkg/controller/util.go:35.31,36.37 1 0
github.com/coreos/etcd-operator/pkg/controller/util.go:36.37,37.16 1 0
github.com/coreos/etcd-operator/pkg/controller/util.go:42.30,43.17 1 0
github.com/coreos/etcd-operator/pkg/controller/util.go:43.17,46.3 2 0
github.com/coreos/etcd-operator/pkg/controller/backup-operator/abs_backup.go:32.79,35.16 2 0
github.com/coreos/etcd-operator/pkg/controller/backup-operator/abs_backup.go:35.16,37.3 1 0
github.com/coreos/etcd-operator/pkg/controller/backup-operator/abs_backup.go:39.2,40.89 2 0
github.com/coreos/etcd-operator/pkg/controller/backup-operator/abs_backup.go:40.89,42.3 1 0
github.com/coreos/etcd-operator/pkg/controller/backup-operator/abs_backup.go:43.2,46.16 3 0
github.com/coreos/etcd-operator/pkg/controller/backup-operator/abs_backup.go:46.16,48.3 1 0
github.com/coreos/etcd-operator/pkg/controller/backup-operator/abs_backup.go:49.2,49.19 1 0
github.com/coreos/etcd-operator/pkg/controller/backup-operator/abs_backup.go:49.19,51.17 2 0
github.com/coreos/etcd-operator/pkg/controller/backup-operator/abs_backup.go:51.17,53.4 1 0
github.com/coreos/etcd-operator/pkg/controller/backup-operator/abs_backup.go:55.2,55.99 1 0
github.com/coreos/etcd-operator/pkg/controller/backup-operator/controller.go:29.43,49.63 7 0
github.com/coreos/etcd-operator/pkg/controller/backup-operator/controller.go:49.63,51.3 1 0
github.com/coreos/etcd-operator/pkg/controller/backup-operator/controller.go:53.2,54.34 2 0
github.com/coreos/etcd-operator/pkg/controller/backup-operator/controller.go:54.34,56.3 1 0
github.com/coreos/etcd-operator/pkg/controller/backup-operator/controller.go:58.2,59.45 2 0
github.com/coreos/etcd-operator/pkg/controller/backup-operator/controller.go:62.41,64.16 2 0
github.com/coreos/etcd-operator/pkg/controller/backup-operator/controller.go:64.16,65.13 1 0
github.com/coreos/etcd-operator/pkg/controller/backup-operator/controller.go:67.2,67.18 1 0
github.com/coreos/etcd-operator/pkg/controller/backup-operator/controller.go:70.55,72.16 2 0
github.com/coreos/etcd-operator/pkg/controller/backup-operator/controller.go:72.16,73.13 1 0
github.com/coreos/etcd-operator/pkg/controller/backup-operator/controller.go:75.2,75.18 1 0
github.com/coreos/etcd-operator/pkg/controller/backup-operator/controller.go:78.44,80.16 2 0
github.com/coreos/etcd-operator/pkg/controller/backup-operator/controller.go:80.16,81.13 1 0
github.com/coreos/etcd-operator/pkg/controller/backup-operator/controller.go:83.2,83.18 1 0
github.com/coreos/etcd-operator/pkg/controller/backup-operator/gcs_backup.go:32.79,35.16 2 0
github.com/coreos/etcd-operator/pkg/controller/backup-operator/gcs_backup.go:35.16,37.3 1 0
github.com/coreos/etcd-operator/pkg/controller/backup-operator/gcs_backup.go:38.2,41.89 3 0
github.com/coreos/etcd-operator/pkg/controller/backup-operator/gcs_backup.go:41.89,43.3 1 0
github.com/coreos/etcd-operator/pkg/controller/backup-operator/gcs_backup.go:44.2,47.16 3 0
github.com/coreos/etcd-operator/pkg/controller/backup-operator/gcs_backup.go:47.16,49.3 1 0
github.com/coreos/etcd-operator/pkg/controller/backup-operator/gcs_backup.go:50.2,50.19 1 0
github.com/coreos/etcd-operator/pkg/controller/backup-operator/gcs_backup.go:50.19,52.17 2 0
github.com/coreos/etcd-operator/pkg/controller/backup-operator/gcs_backup.go:52.17,54.4 1 0
github.com/coreos/etcd-operator/pkg/controller/backup-operator/gcs_backup.go:56.2,56.99 1 0
github.com/coreos/etcd-operator/pkg/controller/backup-operator/operator.go:60.34,69.2 1 0
github.com/coreos/etcd-operator/pkg/controller/backup-operator/operator.go:72.51,73.17 1 0
github.com/coreos/etcd-operator/pkg/controller/backup-operator/operator.go:73.17,74.37 1 0
github.com/coreos/etcd-operator/pkg/controller/backup-operator/operator.go:74.37,76.4 1 0
github.com/coreos/etcd-operator/pkg/controller/backup-operator/operator.go:79.2,81.18 3 0
github.com/coreos/etcd-operator/pkg/controller/backup-operator/operator.go:84.34,86.16 2 0
github.com/coreos/etcd-operator/pkg/controller/backup-operator/operator.go:86.16,88.3 1 0
github.com/coreos/etcd-operator/pkg/controller/backup-operator/operator.go:89.2,89.66 1 0
github.com/coreos/etcd-operator/pkg/controller/backup-operator/oss_backup.go:31.79,32.22 1 0
github.com/coreos/etcd-operator/pkg/controller/backup-operator/oss_backup.go:32.22,34.3 1 0
github.com/coreos/etcd-operator/pkg/controller/backup-operator/oss_backup.go:36.2,37.16 2 0
github.com/coreos/etcd-operator/pkg/controller/backup-operator/oss_backup.go:37.16,39.3 1 0
github.com/coreos/etcd-operator/pkg/controller/backup-operator/oss_backup.go:41.2,42.16 2 0
github.com/coreos/etcd-operator/pkg/controller/backup-operator/oss_backup.go:42.16,44.3 1 0
github.com/coreos/etcd-operator/pkg/controller/backup-operator/oss_backup.go:46.2,49.16 3 0
github.com/coreos/etcd-operator/pkg/controller/backup-operator/oss_backup.go:49.16,51.3 1 0
github.com/coreos/etcd-operator/pkg/controller/backup-operator/oss_backup.go:53.2,53.19 1 0
github.com/coreos/etcd-operator/pkg/controller/backup-operator/oss_backup.go:53.19,55.17 2 0
github.com/coreos/etcd-operator/pkg/controller/backup-operator/oss_backup.go:55.17,57.4 1 0
github.com/coreos/etcd-operator/pkg/controller/backup-operator/oss_backup.go:60.2,60.99 1 0
github.com/coreos/etcd-operator/pkg/controller/backup-operator/s3_backup.go:33.79,36.16 2 0
github.com/coreos/etcd-operator/pkg/controller/backup-operator/s3_backup.go:36.16,38.3 1 0
github.com/coreos/etcd-operator/pkg/controller/backup-operator/s3_backup.go:39.2,42.89 3 0
github.com/coreos/etcd-operator/pkg/controller/backup-operator/s3_backup.go:42.89,44.3 1 0
github.com/coreos/etcd-operator/pkg/controller/backup-operator/s3_backup.go:45.2,48.16 3 0
github.com/coreos/etcd-operator/pkg/controller/backup-operator/s3_backup.go:48.16,50.3 1 0
github.com/coreos/etcd-operator/pkg/controller/backup-operator/s3_backup.go:51.2,51.19 1 0
github.com/coreos/etcd-operator/pkg/controller/backup-operator/s3_backup.go:51.19,53.17 2 0
github.com/coreos/etcd-operator/pkg/controller/backup-operator/s3_backup.go:53.17,55.4 1 0
github.com/coreos/etcd-operator/pkg/controller/backup-operator/s3_backup.go:57.2,57.99 1 0
github.com/coreos/etcd-operator/pkg/controller/backup-operator/sync.go:43.30,44.26 1 0
github.com/coreos/etcd-operator/pkg/controller/backup-operator/sync.go:44.27,45.3 0 0
github.com/coreos/etcd-operator/pkg/controller/backup-operator/sync.go:48.41,51.10 2 0
github.com/coreos/etcd-operator/pkg/controller/backup-operator/sync.go:51.10,53.3 1 0
github.com/coreos/etcd-operator/pkg/controller/backup-operator/sync.go:57.2,61.13 4 0
github.com/coreos/etcd-operator/pkg/controller/backup-operator/sync.go:64.48,66.16 2 0
github.com/coreos/etcd-operator/pkg/controller/backup-operator/sync.go:66.16,68.3 1 0
github.com/coreos/etcd-operator/pkg/controller/backup-operator/sync.go:69.2,69.13 1 0
github.com/coreos/etcd-operator/pkg/controller/backup-operator/sync.go:69.13,71.3 1 0
github.com/coreos/etcd-operator/pkg/controller/backup-operator/sync.go:73.2,75.33 2 0
github.com/coreos/etcd-operator/pkg/controller/backup-operator/sync.go:75.33,78.3 2 0
github.com/coreos/etcd-operator/pkg/controller/backup-operator/sync.go:79.2,84.55 2 0
github.com/coreos/etcd-operator/pkg/controller/backup-operator/sync.go:84.55,86.3 1 0
github.com/coreos/etcd-operator/pkg/controller/backup-operator/sync.go:88.2,88.35 1 0
github.com/coreos/etcd-operator/pkg/controller/backup-operator/sync.go:88.35,94.17 3 0
github.com/coreos/etcd-operator/pkg/controller/backup-operator/sync.go:94.17,96.4 1 0
github.com/coreos/etcd-operator/pkg/controller/backup-operator/sync.go:99.3,106.78 5 0
github.com/coreos/etcd-operator/pkg/controller/backup-operator/sync.go:108.8,108.24 1 0
github.com/coreos/etcd-operator/pkg/controller/backup-operator/sync.go:108.24,113.3 2 0
github.com/coreos/etcd-operator/pkg/controller/backup-operator/sync.go:114.2,114.12 1 0
github.com/coreos/etcd-operator/pkg/controller/backup-operator/sync.go:117.53,119.13 2 0
github.com/coreos/etcd-operator/pkg/controller/backup-operator/sync.go:119.13,121.3 1 0
github.com/coreos/etcd-operator/pkg/controller/backup-operator/sync.go:122.2,122.70 1 0
github.com/coreos/etcd-operator/pkg/controller/backup-operator/sync.go:125.65,127.12 2 0
github.com/coreos/etcd-operator/pkg/controller/backup-operator/sync.go:127.12,131.3 3 0
github.com/coreos/etcd-operator/pkg/controller/backup-operator/sync.go:132.2,132.14 1 0
github.com/coreos/etcd-operator/pkg/controller/backup-operator/sync.go:135.98,138.16 3 0
github.com/coreos/etcd-operator/pkg/controller/backup-operator/sync.go:138.16,140.3 1 0
github.com/coreos/etcd-operator/pkg/controller/backup-operator/sync.go:141.2,141.75 1 0
github.com/coreos/etcd-operator/pkg/controller/backup-operator/sync.go:141.75,144.17 3 0
github.com/coreos/etcd-operator/pkg/controller/backup-operator/sync.go:144.17,146.4 1 0
github.com/coreos/etcd-operator/pkg/controller/backup-operator/sync.go:147.3,147.38 1 0
github.com/coreos/etcd-operator/pkg/controller/backup-operator/sync.go:149.2,149.16 1 0
github.com/coreos/etcd-operator/pkg/controller/backup-operator/sync.go:152.76,155.16 3 0
github.com/coreos/etcd-operator/pkg/controller/backup-operator/sync.go:155.16,157.3 1 0
github.com/coreos/etcd-operator/pkg/controller/backup-operator/sync.go:158.2,159.53 2 0
github.com/coreos/etcd-operator/pkg/controller/backup-operator/sync.go:159.53,160.46 1 0
github.com/coreos/etcd-operator/pkg/controller/backup-operator/sync.go:160.46,161.12 1 0
github.com/coreos/etcd-operator/pkg/controller/backup-operator/sync.go:163.3,163.45 1 0
github.com/coreos/etcd-operator/pkg/controller/backup-operator/sync.go:165.2,167.12 3 0
github.com/coreos/etcd-operator/pkg/controller/backup-operator/sync.go:170.94,172.6 2 0
github.com/coreos/etcd-operator/pkg/controller/backup-operator/sync.go:172.6,173.10 1 0
github.com/coreos/etcd-operator/pkg/controller/backup-operator/sync.go:174.21,175.9 1 0
github.com/coreos/etcd-operator/pkg/controller/backup-operator/sync.go:176.14,181.38 5 0
github.com/coreos/etcd-operator/pkg/controller/backup-operator/sync.go:181.38,183.19 2 0
github.com/coreos/etcd-operator/pkg/controller/backup-operator/sync.go:183.19,184.35 1 0
github.com/coreos/etcd-operator/pkg/controller/backup-operator/sync.go:184.35,187.12 2 0
github.com/coreos/etcd-operator/pkg/controller/backup-operator/sync.go:189.6,192.14 3 0
github.com/coreos/etcd-operator/pkg/controller/backup-operator/sync.go:194.5,194.10 1 0
github.com/coreos/etcd-operator/pkg/controller/backup-operator/sync.go:196.4,196.18 1 0
github.com/coreos/etcd-operator/pkg/controller/backup-operator/sync.go:196.18,199.5 1 0
github.com/coreos/etcd-operator/pkg/controller/backup-operator/sync.go:201.4,201.43 1 0
github.com/coreos/etcd-operator/pkg/controller/backup-operator/sync.go:206.91,207.17 1 0
github.com/coreos/etcd-operator/pkg/controller/backup-operator/sync.go:207.17,210.3 2 0
github.com/coreos/etcd-operator/pkg/controller/backup-operator/sync.go:210.8,216.3 5 0
github.com/coreos/etcd-operator/pkg/controller/backup-operator/sync.go:217.2,218.16 2 0
github.com/coreos/etcd-operator/pkg/controller/backup-operator/sync.go:218.16,220.3 1 0
github.com/coreos/etcd-operator/pkg/controller/backup-operator/sync.go:223.56,224.16 1 0
github.com/coreos/etcd-operator/pkg/controller/backup-operator/sync.go:224.16,230.3 2 0
github.com/coreos/etcd-operator/pkg/controller/backup-operator/sync.go:233.2,233.43 1 0
github.com/coreos/etcd-operator/pkg/controller/backup-operator/sync.go:233.43,240.3 3 0
github.com/coreos/etcd-operator/pkg/controller/backup-operator/sync.go:242.2,244.76 2 0
github.com/coreos/etcd-operator/pkg/controller/backup-operator/sync.go:247.129,249.16 2 0
github.com/coreos/etcd-operator/pkg/controller/backup-operator/sync.go:249.16,251.3 1 0
github.com/coreos/etcd-operator/pkg/controller/backup-operator/sync.go:254.2,255.71 2 0
github.com/coreos/etcd-operator/pkg/controller/backup-operator/sync.go:255.71,257.3 1 0
github.com/coreos/etcd-operator/pkg/controller/backup-operator/sync.go:258.2,259.66 2 0
github.com/coreos/etcd-operator/pkg/controller/backup-operator/sync.go:259.66,261.3 1 0
github.com/coreos/etcd-operator/pkg/controller/backup-operator/sync.go:263.2,263.26 1 0
github.com/coreos/etcd-operator/pkg/controller/backup-operator/sync.go:263.26,266.3 2 0
github.com/coreos/etcd-operator/pkg/controller/backup-operator/sync.go:267.2,269.26 3 0
github.com/coreos/etcd-operator/pkg/controller/backup-operator/sync.go:270.31,273.17 2 0
github.com/coreos/etcd-operator/pkg/controller/backup-operator/sync.go:273.17,275.4 1 0
github.com/coreos/etcd-operator/pkg/controller/backup-operator/sync.go:276.3,276.17 1 0
github.com/coreos/etcd-operator/pkg/controller/backup-operator/sync.go:277.32,280.17 2 0
github.com/coreos/etcd-operator/pkg/controller/backup-operator/sync.go:280.17,282.4 1 0
github.com/coreos/etcd-operator/pkg/controller/backup-operator/sync.go:283.3,283.17 1 0
github.com/coreos/etcd-operator/pkg/controller/backup-operator/sync.go:284.32,287.17 2 0
github.com/coreos/etcd-operator/pkg/controller/backup-operator/sync.go:287.17,289.4 1 0
github.com/coreos/etcd-operator/pkg/controller/backup-operator/sync.go:290.3,290.17 1 0
github.com/coreos/etcd-operator/pkg/controller/backup-operator/sync.go:291.32,294.17 2 0
github.com/coreos/etcd-operator/pkg/controller/backup-operator/sync.go:294.17,296.4 1 0
github.com/coreos/etcd-operator/pkg/controller/backup-operator/sync.go:297.3,297.17 1 0
github.com/coreos/etcd-operator/pkg/controller/backup-operator/sync.go:298.10,299.61 1 0
github.com/coreos/etcd-operator/pkg/controller/backup-operator/sync.go:301.2,301.17 1 0
github.com/coreos/etcd-operator/pkg/controller/backup-operator/sync.go:305.43,306.34 1 1
github.com/coreos/etcd-operator/pkg/controller/backup-operator/sync.go:306.34,308.3 1 1
github.com/coreos/etcd-operator/pkg/controller/backup-operator/sync.go:309.2,309.30 1 1
github.com/coreos/etcd-operator/pkg/controller/backup-operator/sync.go:309.30,310.51 1 0
github.com/coreos/etcd-operator/pkg/controller/backup-operator/sync.go:310.51,312.4 1 0
github.com/coreos/etcd-operator/pkg/controller/backup-operator/sync.go:313.3,313.39 1 0
github.com/coreos/etcd-operator/pkg/controller/backup-operator/sync.go:313.39,315.4 1 0
github.com/coreos/etcd-operator/pkg/controller/backup-operator/sync.go:317.2,317.12 1 1
github.com/coreos/etcd-operator/pkg/controller/backup-operator/util.go:28.110,30.31 2 0
github.com/coreos/etcd-operator/pkg/controller/backup-operator/util.go:30.31,32.17 2 0
github.com/coreos/etcd-operator/pkg/controller/backup-operator/util.go:32.17,34.4 1 0
github.com/coreos/etcd-operator/pkg/controller/backup-operator/util.go:35.3,36.17 2 0
github.com/coreos/etcd-operator/pkg/controller/backup-operator/util.go:36.17,38.4 1 0
github.com/coreos/etcd-operator/pkg/controller/backup-operator/util.go:40.2,40.23 1 0
github.com/coreos/etcd-operator/pkg/controller/backup-operator/util.go:43.52,44.32 1 0
github.com/coreos/etcd-operator/pkg/controller/backup-operator/util.go:44.32,46.3 1 0
github.com/coreos/etcd-operator/pkg/controller/backup-operator/util.go:47.2,47.14 1 0
github.com/coreos/etcd-operator/pkg/controller/backup-operator/util.go:50.52,51.29 1 0
github.com/coreos/etcd-operator/pkg/controller/backup-operator/util.go:51.29,52.16 1 0
github.com/coreos/etcd-operator/pkg/controller/backup-operator/util.go:52.16,54.4 1 0
github.com/coreos/etcd-operator/pkg/controller/backup-operator/util.go:56.2,56.14 1 0
github.com/coreos/etcd-operator/pkg/util/awsutil/s3factory/client.go:43.141,44.15 1 0
github.com/coreos/etcd-operator/pkg/util/awsutil/s3factory/client.go:44.15,45.17 1 0
github.com/coreos/etcd-operator/pkg/util/awsutil/s3factory/client.go:45.17,47.4 1 0
github.com/coreos/etcd-operator/pkg/util/awsutil/s3factory/client.go:49.2,51.16 3 0
github.com/coreos/etcd-operator/pkg/util/awsutil/s3factory/client.go:51.16,53.3 1 0
github.com/coreos/etcd-operator/pkg/util/awsutil/s3factory/client.go:54.2,55.16 2 0
github.com/coreos/etcd-operator/pkg/util/awsutil/s3factory/client.go:55.16,57.3 1 0
github.com/coreos/etcd-operator/pkg/util/awsutil/s3factory/client.go:58.2,59.16 2 0
github.com/coreos/etcd-operator/pkg/util/awsutil/s3factory/client.go:59.16,61.3 1 0
github.com/coreos/etcd-operator/pkg/util/awsutil/s3factory/client.go:62.2,63.15 2 0
github.com/coreos/etcd-operator/pkg/util/awsutil/s3factory/client.go:67.28,69.2 1 0
github.com/coreos/etcd-operator/pkg/util/awsutil/s3factory/client.go:72.138,82.16 6 1
github.com/coreos/etcd-operator/pkg/util/awsutil/s3factory/client.go:82.16,84.3 1 0
github.com/coreos/etcd-operator/pkg/util/awsutil/s3factory/client.go:86.2,87.21 2 1
github.com/coreos/etcd-operator/pkg/util/awsutil/s3factory/client.go:87.21,90.17 3 0
github.com/coreos/etcd-operator/pkg/util/awsutil/s3factory/client.go:90.17,92.4 1 0
github.com/coreos/etcd-operator/pkg/util/awsutil/s3factory/client.go:93.3,93.75 1 0
github.com/coreos/etcd-operator/pkg/util/awsutil/s3factory/client.go:96.2,97.22 2 1
github.com/coreos/etcd-operator/pkg/util/awsutil/s3factory/client.go:97.22,100.17 3 0
github.com/coreos/etcd-operator/pkg/util/awsutil/s3factory/client.go:100.17,102.4 1 0
github.com/coreos/etcd-operator/pkg/util/awsutil/s3factory/client.go:103.3,103.76 1 0
github.com/coreos/etcd-operator/pkg/util/awsutil/s3factory/client.go:106.2,106.21 1 1
github.com/coreos/etcd-operator/pkg/util/etcdutil/etcdutil.go:27.93,34.16 3 0
github.com/coreos/etcd-operator/pkg/util/etcdutil/etcdutil.go:34.16,36.3 1 0
github.com/coreos/etcd-operator/pkg/util/etcdutil/etcdutil.go:38.2,42.18 5 0
github.com/coreos/etcd-operator/pkg/util/etcdutil/etcdutil.go:45.73,52.16 3 0
github.com/coreos/etcd-operator/pkg/util/etcdutil/etcdutil.go:52.16,54.3 1 0
github.com/coreos/etcd-operator/pkg/util/etcdutil/etcdutil.go:55.2,60.12 5 0
github.com/coreos/etcd-operator/pkg/util/etcdutil/member.go:41.32,43.2 1 0
github.com/coreos/etcd-operator/pkg/util/etcdutil/member.go:46.37,48.2 1 0
github.com/coreos/etcd-operator/pkg/util/etcdutil/member.go:50.40,51.20 1 0
github.com/coreos/etcd-operator/pkg/util/etcdutil/member.go:51.20,53.3 1 0
github.com/coreos/etcd-operator/pkg/util/etcdutil/member.go:54.2,54.15 1 0
github.com/coreos/etcd-operator/pkg/util/etcdutil/member.go:57.38,58.18 1 0
github.com/coreos/etcd-operator/pkg/util/etcdutil/member.go:58.18,60.3 1 0
github.com/coreos/etcd-operator/pkg/util/etcdutil/member.go:61.2,61.15 1 0
github.com/coreos/etcd-operator/pkg/util/etcdutil/member.go:64.43,66.2 1 0
github.com/coreos/etcd-operator/pkg/util/etcdutil/member.go:67.41,69.2 1 0
github.com/coreos/etcd-operator/pkg/util/etcdutil/member.go:71.35,73.2 1 0
github.com/coreos/etcd-operator/pkg/util/etcdutil/member.go:77.44,79.23 2 1
github.com/coreos/etcd-operator/pkg/util/etcdutil/member.go:79.23,81.3 1 1
github.com/coreos/etcd-operator/pkg/util/etcdutil/member.go:82.2,82.12 1 1
github.com/coreos/etcd-operator/pkg/util/etcdutil/member.go:86.53,88.23 2 0
github.com/coreos/etcd-operator/pkg/util/etcdutil/member.go:88.23,89.29 1 0
github.com/coreos/etcd-operator/pkg/util/etcdutil/member.go:89.29,91.4 1 0
github.com/coreos/etcd-operator/pkg/util/etcdutil/member.go:93.2,93.13 1 0
github.com/coreos/etcd-operator/pkg/util/etcdutil/member.go:98.51,99.31 1 1
github.com/coreos/etcd-operator/pkg/util/etcdutil/member.go:99.31,101.3 1 1
github.com/coreos/etcd-operator/pkg/util/etcdutil/member.go:102.2,102.20 1 1
github.com/coreos/etcd-operator/pkg/util/etcdutil/member.go:102.20,103.29 1 1
github.com/coreos/etcd-operator/pkg/util/etcdutil/member.go:103.29,105.4 1 0
github.com/coreos/etcd-operator/pkg/util/etcdutil/member.go:107.2,107.13 1 1
github.com/coreos/etcd-operator/pkg/util/etcdutil/member.go:110.32,112.2 1 1
github.com/coreos/etcd-operator/pkg/util/etcdutil/member.go:114.37,117.20 2 0
github.com/coreos/etcd-operator/pkg/util/etcdutil/member.go:117.20,119.3 1 0
github.com/coreos/etcd-operator/pkg/util/etcdutil/member.go:120.2,120.35 1 0
github.com/coreos/etcd-operator/pkg/util/etcdutil/member.go:123.39,124.23 1 0
github.com/coreos/etcd-operator/pkg/util/etcdutil/member.go:124.23,126.3 1 0
github.com/coreos/etcd-operator/pkg/util/etcdutil/member.go:127.2,127.16 1 0
github.com/coreos/etcd-operator/pkg/util/etcdutil/member.go:130.45,132.23 2 0
github.com/coreos/etcd-operator/pkg/util/etcdutil/member.go:132.23,134.3 1 0
github.com/coreos/etcd-operator/pkg/util/etcdutil/member.go:135.2,135.11 1 0
github.com/coreos/etcd-operator/pkg/util/etcdutil/member.go:138.36,140.2 1 0
github.com/coreos/etcd-operator/pkg/util/etcdutil/member.go:142.41,144.2 1 0
github.com/coreos/etcd-operator/pkg/util/etcdutil/member.go:146.43,148.23 2 0
github.com/coreos/etcd-operator/pkg/util/etcdutil/member.go:148.23,150.3 1 0
github.com/coreos/etcd-operator/pkg/util/etcdutil/member.go:151.2,151.18 1 0
github.com/coreos/etcd-operator/pkg/util/etcdutil/member.go:156.55,158.35 1 1
github.com/coreos/etcd-operator/pkg/util/etcdutil/member.go:158.35,160.3 1 1
github.com/coreos/etcd-operator/pkg/util/etcdutil/member.go:161.2,162.16 2 1
github.com/coreos/etcd-operator/pkg/util/etcdutil/member.go:162.16,164.3 1 0
github.com/coreos/etcd-operator/pkg/util/etcdutil/member.go:165.2,167.18 3 1
github.com/coreos/etcd-operator/pkg/util/etcdutil/member.go:170.50,172.13 2 0
github.com/coreos/etcd-operator/pkg/util/etcdutil/member.go:172.13,173.55 1 0
github.com/coreos/etcd-operator/pkg/util/etcdutil/member.go:175.2,175.15 1 0
github.com/coreos/etcd-operator/pkg/util/etcdutil/tls.go:31.74,34.16 2 0
github.com/coreos/etcd-operator/pkg/util/etcdutil/tls.go:34.16,36.3 1 0
github.com/coreos/etcd-operator/pkg/util/etcdutil/tls.go:38.2,39.16 2 0
github.com/coreos/etcd-operator/pkg/util/etcdutil/tls.go:39.16,41.3 1 0
github.com/coreos/etcd-operator/pkg/util/etcdutil/tls.go:42.2,43.16 2 0
github.com/coreos/etcd-operator/pkg/util/etcdutil/tls.go:43.16,45.3 1 0
github.com/coreos/etcd-operator/pkg/util/etcdutil/tls.go:46.2,47.16 2 0
github.com/coreos/etcd-operator/pkg/util/etcdutil/tls.go:47.16,49.3 1 0
github.com/coreos/etcd-operator/pkg/util/etcdutil/tls.go:51.2,57.16 3 0
github.com/coreos/etcd-operator/pkg/util/etcdutil/tls.go:57.16,59.3 1 0
github.com/coreos/etcd-operator/pkg/util/etcdutil/tls.go:60.2,60.23 1 0
github.com/coreos/etcd-operator/pkg/util/etcdutil/tls.go:63.63,66.2 2 0
github.com/coreos/etcd-operator/pkg/util/k8sutil/crd.go:38.86,40.16 2 0
github.com/coreos/etcd-operator/pkg/util/k8sutil/crd.go:40.16,42.3 1 0
github.com/coreos/etcd-operator/pkg/util/k8sutil/crd.go:44.2,45.52 2 0
github.com/coreos/etcd-operator/pkg/util/k8sutil/crd.go:45.52,47.3 1 0
github.com/coreos/etcd-operator/pkg/util/k8sutil/crd.go:48.2,48.22 1 0
github.com/coreos/etcd-operator/pkg/util/k8sutil/crd.go:51.40,53.2 1 0
github.com/coreos/etcd-operator/pkg/util/k8sutil/crd.go:55.106,76.25 2 0
github.com/coreos/etcd-operator/pkg/util/k8sutil/crd.go:76.25,78.3 1 0
github.com/coreos/etcd-operator/pkg/util/k8sutil/crd.go:79.2,80.63 2 0
github.com/coreos/etcd-operator/pkg/util/k8sutil/crd.go:80.63,82.3 1 0
github.com/coreos/etcd-operator/pkg/util/k8sutil/crd.go:83.2,83.12 1 0
github.com/coreos/etcd-operator/pkg/util/k8sutil/crd.go:86.82,87.65 1 0
github.com/coreos/etcd-operator/pkg/util/k8sutil/crd.go:87.65,89.17 2 0
github.com/coreos/etcd-operator/pkg/util/k8sutil/crd.go:89.17,91.4 1 0
github.com/coreos/etcd-operator/pkg/util/k8sutil/crd.go:92.3,92.46 1 0
github.com/coreos/etcd-operator/pkg/util/k8sutil/crd.go:92.46,93.21 1 0
github.com/coreos/etcd-operator/pkg/util/k8sutil/crd.go:94.37,95.53 1 0
github.com/coreos/etcd-operator/pkg/util/k8sutil/crd.go:95.53,97.6 1 0
github.com/coreos/etcd-operator/pkg/util/k8sutil/crd.go:98.39,99.54 1 0
github.com/coreos/etcd-operator/pkg/util/k8sutil/crd.go:99.54,101.6 1 0
github.com/coreos/etcd-operator/pkg/util/k8sutil/crd.go:104.3,104.20 1 0
github.com/coreos/etcd-operator/pkg/util/k8sutil/crd.go:106.2,106.16 1 0
github.com/coreos/etcd-operator/pkg/util/k8sutil/crd.go:106.16,108.3 1 0
github.com/coreos/etcd-operator/pkg/util/k8sutil/crd.go:109.2,109.12 1 0
github.com/coreos/etcd-operator/pkg/util/k8sutil/crd.go:112.59,114.16 2 0
github.com/coreos/etcd-operator/pkg/util/k8sutil/crd.go:114.16,115.13 1 0
github.com/coreos/etcd-operator/pkg/util/k8sutil/crd.go:117.2,117.51 1 0
github.com/coreos/etcd-operator/pkg/util/k8sutil/events_util.go:29.74,35.2 5 0
github.com/coreos/etcd-operator/pkg/util/k8sutil/events_util.go:37.74,43.2 5 0
github.com/coreos/etcd-operator/pkg/util/k8sutil/events_util.go:45.81,51.2 5 0
github.com/coreos/etcd-operator/pkg/util/k8sutil/events_util.go:53.100,59.2 5 0
github.com/coreos/etcd-operator/pkg/util/k8sutil/events_util.go:61.53,84.2 2 0
github.com/coreos/etcd-operator/pkg/util/k8sutil/k8sutil.go:80.41,82.2 1 0
github.com/coreos/etcd-operator/pkg/util/k8sutil/k8sutil.go:84.50,86.2 1 0
github.com/coreos/etcd-operator/pkg/util/k8sutil/k8sutil.go:88.43,89.20 1 0
github.com/coreos/etcd-operator/pkg/util/k8sutil/k8sutil.go:89.20,91.3 1 0
github.com/coreos/etcd-operator/pkg/util/k8sutil/k8sutil.go:92.2,93.25 2 0
github.com/coreos/etcd-operator/pkg/util/k8sutil/k8sutil.go:93.25,95.3 1 0
github.com/coreos/etcd-operator/pkg/util/k8sutil/k8sutil.go:96.2,96.12 1 0
github.com/coreos/etcd-operator/pkg/util/k8sutil/k8sutil.go:100.50,102.2 1 0
github.com/coreos/etcd-operator/pkg/util/k8sutil/k8sutil.go:104.116,137.2 1 0
github.com/coreos/etcd-operator/pkg/util/k8sutil/k8sutil.go:139.45,141.2 1 0
github.com/coreos/etcd-operator/pkg/util/k8sutil/k8sutil.go:144.53,145.51 1 1
github.com/coreos/etcd-operator/pkg/util/k8sutil/k8sutil.go:145.51,147.3 1 1
github.com/coreos/etcd-operator/pkg/util/k8sutil/k8sutil.go:148.2,148.28 1 1
github.com/coreos/etcd-operator/pkg/util/k8sutil/k8sutil.go:151.67,154.2 2 0
github.com/coreos/etcd-operator/pkg/util/k8sutil/k8sutil.go:156.115,164.2 2 0
github.com/coreos/etcd-operator/pkg/util/k8sutil/k8sutil.go:166.51,168.2 1 0
github.com/coreos/etcd-operator/pkg/util/k8sutil/k8sutil.go:170.113,184.2 2 0
github.com/coreos/etcd-operator/pkg/util/k8sutil/k8sutil.go:186.184,190.51 4 0
github.com/coreos/etcd-operator/pkg/util/k8sutil/k8sutil.go:190.51,192.3 1 0
github.com/coreos/etcd-operator/pkg/util/k8sutil/k8sutil.go:193.2,193.12 1 0
github.com/coreos/etcd-operator/pkg/util/k8sutil/k8sutil.go:197.117,199.16 2 0
github.com/coreos/etcd-operator/pkg/util/k8sutil/k8sutil.go:199.16,201.3 1 0
github.com/coreos/etcd-operator/pkg/util/k8sutil/k8sutil.go:203.2,205.80 3 0
github.com/coreos/etcd-operator/pkg/util/k8sutil/k8sutil.go:205.80,207.17 2 0
github.com/coreos/etcd-operator/pkg/util/k8sutil/k8sutil.go:207.17,209.4 1 0
github.com/coreos/etcd-operator/pkg/util/k8sutil/k8sutil.go:210.3,210.30 1 0
github.com/coreos/etcd-operator/pkg/util/k8sutil/k8sutil.go:211.22,212.20 1 0
github.com/coreos/etcd-operator/pkg/util/k8sutil/k8sutil.go:213.22,214.21 1 0
github.com/coreos/etcd-operator/pkg/util/k8sutil/k8sutil.go:215.11,216.84 1 0
github.com/coreos/etcd-operator/pkg/util/k8sutil/k8sutil.go:220.2,220.16 1 0
github.com/coreos/etcd-operator/pkg/util/k8sutil/k8sutil.go:220.16,221.36 1 0
github.com/coreos/etcd-operator/pkg/util/k8sutil/k8sutil.go:221.36,223.4 1 0
github.com/coreos/etcd-operator/pkg/util/k8sutil/k8sutil.go:224.3,224.64 1 0
github.com/coreos/etcd-operator/pkg/util/k8sutil/k8sutil.go:227.2,227.20 1 0
github.com/coreos/etcd-operator/pkg/util/k8sutil/k8sutil.go:230.136,248.2 3 0
github.com/coreos/etcd-operator/pkg/util/k8sutil/k8sutil.go:251.69,253.16 2 0
github.com/coreos/etcd-operator/pkg/util/k8sutil/k8sutil.go:253.16,257.3 1 0
github.com/coreos/etcd-operator/pkg/util/k8sutil/k8sutil.go:257.8,259.3 1 0
github.com/coreos/etcd-operator/pkg/util/k8sutil/k8sutil.go:260.2,260.50 1 0
github.com/coreos/etcd-operator/pkg/util/k8sutil/k8sutil.go:263.110,266.2 1 0
github.com/coreos/etcd-operator/pkg/util/k8sutil/k8sutil.go:268.68,270.2 1 0
github.com/coreos/etcd-operator/pkg/util/k8sutil/k8sutil.go:274.163,279.22 4 0
github.com/coreos/etcd-operator/pkg/util/k8sutil/k8sutil.go:279.22,281.3 1 0
github.com/coreos/etcd-operator/pkg/util/k8sutil/k8sutil.go:282.2,284.12 3 0
github.com/coreos/etcd-operator/pkg/util/k8sutil/k8sutil.go:288.164,299.2 3 0
github.com/coreos/etcd-operator/pkg/util/k8sutil/k8sutil.go:301.124,306.18 2 0
github.com/coreos/etcd-operator/pkg/util/k8sutil/k8sutil.go:306.18,308.3 1 0
github.com/coreos/etcd-operator/pkg/util/k8sutil/k8sutil.go:309.2,309.20 1 0
github.com/coreos/etcd-operator/pkg/util/k8sutil/k8sutil.go:309.20,311.3 1 0
github.com/coreos/etcd-operator/pkg/util/k8sutil/k8sutil.go:312.2,312.20 1 0
github.com/coreos/etcd-operator/pkg/util/k8sutil/k8sutil.go:312.20,314.3 1 0
github.com/coreos/etcd-operator/pkg/util/k8sutil/k8sutil.go:316.2,336.18 10 0
github.com/coreos/etcd-operator/pkg/util/k8sutil/k8sutil.go:336.18,344.3 2 0
github.com/coreos/etcd-operator/pkg/util/k8sutil/k8sutil.go:345.2,345.20 1 0
github.com/coreos/etcd-operator/pkg/util/k8sutil/k8sutil.go:345.20,358.3 2 0
github.com/coreos/etcd-operator/pkg/util/k8sutil/k8sutil.go:360.2,361.19 2 0
github.com/coreos/etcd-operator/pkg/util/k8sutil/k8sutil.go:361.19,363.3 1 0
github.com/coreos/etcd-operator/pkg/util/k8sutil/k8sutil.go:364.2,402.53 1 0
github.com/coreos/etcd-operator/pkg/util/k8sutil/k8sutil.go:402.53,402.66 1 0
github.com/coreos/etcd-operator/pkg/util/k8sutil/k8sutil.go:406.2,407.12 2 0
github.com/coreos/etcd-operator/pkg/util/k8sutil/k8sutil.go:410.74,411.22 1 0
github.com/coreos/etcd-operator/pkg/util/k8sutil/k8sutil.go:411.22,413.3 1 0
github.com/coreos/etcd-operator/pkg/util/k8sutil/k8sutil.go:414.2,414.34 1 0
github.com/coreos/etcd-operator/pkg/util/k8sutil/k8sutil.go:417.153,422.2 4 0
github.com/coreos/etcd-operator/pkg/util/k8sutil/k8sutil.go:424.47,426.16 2 0
github.com/coreos/etcd-operator/pkg/util/k8sutil/k8sutil.go:426.16,427.13 1 0
github.com/coreos/etcd-operator/pkg/util/k8sutil/k8sutil.go:429.2,429.78 1 0
github.com/coreos/etcd-operator/pkg/util/k8sutil/k8sutil.go:432.45,434.16 2 0
github.com/coreos/etcd-operator/pkg/util/k8sutil/k8sutil.go:434.16,435.13 1 0
github.com/coreos/etcd-operator/pkg/util/k8sutil/k8sutil.go:437.2,437.80 1 0
github.com/coreos/etcd-operator/pkg/util/k8sutil/k8sutil.go:440.46,443.52 1 0
github.com/coreos/etcd-operator/pkg/util/k8sutil/k8sutil.go:443.52,445.17 2 0
github.com/coreos/etcd-operator/pkg/util/k8sutil/k8sutil.go:445.17,446.14 1 0
github.com/coreos/etcd-operator/pkg/util/k8sutil/k8sutil.go:448.3,448.49 1 0
github.com/coreos/etcd-operator/pkg/util/k8sutil/k8sutil.go:450.2,450.52 1 0
github.com/coreos/etcd-operator/pkg/util/k8sutil/k8sutil.go:450.52,452.3 1 0
github.com/coreos/etcd-operator/pkg/util/k8sutil/k8sutil.go:453.2,454.16 2 0
github.com/coreos/etcd-operator/pkg/util/k8sutil/k8sutil.go:454.16,456.3 1 0
github.com/coreos/etcd-operator/pkg/util/k8sutil/k8sutil.go:457.2,457.17 1 0
github.com/coreos/etcd-operator/pkg/util/k8sutil/k8sutil.go:460.60,462.2 1 0
github.com/coreos/etcd-operator/pkg/util/k8sutil/k8sutil.go:464.56,466.2 1 0
github.com/coreos/etcd-operator/pkg/util/k8sutil/k8sutil.go:469.60,473.2 1 0
github.com/coreos/etcd-operator/pkg/util/k8sutil/k8sutil.go:475.61,480.2 1 0
github.com/coreos/etcd-operator/pkg/util/k8sutil/k8sutil.go:482.64,484.16 2 0
github.com/coreos/etcd-operator/pkg/util/k8sutil/k8sutil.go:484.16,486.3 1 0
github.com/coreos/etcd-operator/pkg/util/k8sutil/k8sutil.go:487.2,488.16 2 0
github.com/coreos/etcd-operator/pkg/util/k8sutil/k8sutil.go:488.16,490.3 1 0
github.com/coreos/etcd-operator/pkg/util/k8sutil/k8sutil.go:491.2,491.76 1 0
github.com/coreos/etcd-operator/pkg/util/k8sutil/k8sutil.go:494.119,496.16 2 0
github.com/coreos/etcd-operator/pkg/util/k8sutil/k8sutil.go:496.16,498.3 1 0
github.com/coreos/etcd-operator/pkg/util/k8sutil/k8sutil.go:499.2,502.16 4 0
github.com/coreos/etcd-operator/pkg/util/k8sutil/k8sutil.go:502.16,504.3 1 0
github.com/coreos/etcd-operator/pkg/util/k8sutil/k8sutil.go:505.2,506.12 2 0
github.com/coreos/etcd-operator/pkg/util/k8sutil/k8sutil.go:509.75,511.44 1 0
github.com/coreos/etcd-operator/pkg/util/k8sutil/k8sutil.go:511.44,511.57 1 0
github.com/coreos/etcd-operator/pkg/util/k8sutil/k8sutil.go:512.57,515.4 2 0
github.com/coreos/etcd-operator/pkg/util/k8sutil/k8sutil.go:520.44,521.23 1 0
github.com/coreos/etcd-operator/pkg/util/k8sutil/k8sutil.go:521.23,522.25 1 0
github.com/coreos/etcd-operator/pkg/util/k8sutil/k8sutil.go:522.25,523.12 1 0
github.com/coreos/etcd-operator/pkg/util/k8sutil/k8sutil.go:525.3,525.12 1 0
github.com/coreos/etcd-operator/pkg/util/k8sutil/k8sutil.go:529.50,531.38 2 0
github.com/coreos/etcd-operator/pkg/util/k8sutil/k8sutil.go:531.38,533.3 1 0
github.com/coreos/etcd-operator/pkg/util/k8sutil/k8sutil.go:534.2,534.35 1 0
github.com/coreos/etcd-operator/pkg/util/k8sutil/node_util.go:22.34,23.41 1 0
github.com/coreos/etcd-operator/pkg/util/k8sutil/node_util.go:23.41,24.30 1 0
github.com/coreos/etcd-operator/pkg/util/k8sutil/node_util.go:24.30,26.4 1 0
github.com/coreos/etcd-operator/pkg/util/k8sutil/node_util.go:29.2,29.14 1 0
github.com/coreos/etcd-operator/pkg/util/k8sutil/pod_util.go:31.42,35.2 1 0
github.com/coreos/etcd-operator/pkg/util/k8sutil/pod_util.go:37.69,58.2 2 0
github.com/coreos/etcd-operator/pkg/util/k8sutil/pod_util.go:60.83,64.2 3 0
github.com/coreos/etcd-operator/pkg/util/k8sutil/pod_util.go:66.88,69.2 2 0
github.com/coreos/etcd-operator/pkg/util/k8sutil/pod_util.go:71.44,74.14 2 0
github.com/coreos/etcd-operator/pkg/util/k8sutil/pod_util.go:74.14,77.3 2 0
github.com/coreos/etcd-operator/pkg/util/k8sutil/pod_util.go:78.2,88.3 1 0
github.com/coreos/etcd-operator/pkg/util/k8sutil/pod_util.go:91.77,92.19 1 0
github.com/coreos/etcd-operator/pkg/util/k8sutil/pod_util.go:92.19,94.3 1 0
github.com/coreos/etcd-operator/pkg/util/k8sutil/pod_util.go:96.2,96.28 1 0
github.com/coreos/etcd-operator/pkg/util/k8sutil/pod_util.go:96.28,98.3 1 0
github.com/coreos/etcd-operator/pkg/util/k8sutil/pod_util.go:100.2,100.35 1 0
github.com/coreos/etcd-operator/pkg/util/k8sutil/pod_util.go:100.35,102.3 1 0
github.com/coreos/etcd-operator/pkg/util/k8sutil/pod_util.go:103.2,103.34 1 0
github.com/coreos/etcd-operator/pkg/util/k8sutil/pod_util.go:103.34,105.3 1 0
github.com/coreos/etcd-operator/pkg/util/k8sutil/pod_util.go:107.2,109.37 2 0
github.com/coreos/etcd-operator/pkg/util/k8sutil/pod_util.go:109.37,111.44 2 0
github.com/coreos/etcd-operator/pkg/util/k8sutil/pod_util.go:111.44,113.4 1 0
github.com/coreos/etcd-operator/pkg/util/k8sutil/pod_util.go:116.2,116.41 1 0
github.com/coreos/etcd-operator/pkg/util/k8sutil/pod_util.go:116.41,118.3 1 0
github.com/coreos/etcd-operator/pkg/util/k8sutil/pod_util.go:120.2,120.45 1 0
github.com/coreos/etcd-operator/pkg/util/k8sutil/pod_util.go:120.45,122.3 1 0
github.com/coreos/etcd-operator/pkg/util/k8sutil/pod_util.go:126.35,129.2 2 0
github.com/coreos/etcd-operator/pkg/util/k8sutil/pod_util.go:131.66,132.35 1 0
github.com/coreos/etcd-operator/pkg/util/k8sutil/pod_util.go:132.35,133.47 1 0
github.com/coreos/etcd-operator/pkg/util/k8sutil/pod_util.go:133.47,135.4 1 0
github.com/coreos/etcd-operator/pkg/util/k8sutil/pod_util.go:137.2,137.12 1 0
github.com/coreos/etcd-operator/pkg/util/k8sutil/pod_util.go:140.55,142.16 2 0
github.com/coreos/etcd-operator/pkg/util/k8sutil/pod_util.go:142.16,144.3 1 0
github.com/coreos/etcd-operator/pkg/util/k8sutil/pod_util.go:145.2,145.27 1 0
github.com/coreos/etcd-operator/pkg/util/k8sutil/tls.go:33.90,35.16 2 0
github.com/coreos/etcd-operator/pkg/util/k8sutil/tls.go:35.16,37.3 1 0
github.com/coreos/etcd-operator/pkg/util/k8sutil/tls.go:38.2,42.8 1 0
